<?xml version="1.0" encoding="UTF-8"?>
<!-- Generated by org.testng.reporters.JUnitReportReporter -->
<testsuite hostname="OsamQA" failures="0" tests="1" name="com.qa.Fifa.SearchVali" time="7.902" errors="0" timestamp="2022-12-04T11:55:31 PST" skipped="0">
  <testcase classname="com.qa.Fifa.SearchVali" name="vaidateSearch" time="7.902"/>
  <system-out/>
</testsuite> <!-- com.qa.Fifa.SearchVali -->
